\BOOKMARK [0][-]{chapter*.1}{D\351dicace}{}
\BOOKMARK [0][-]{chapter*.2}{Remerciements}{}
\BOOKMARK [0][-]{chapter*.4}{Liste des sigles et abr\351viations}{}
\BOOKMARK [0][-]{chapter*.5}{R\351sum\351}{}
\BOOKMARK [0][-]{chapter*.6}{Abstract}{}
\BOOKMARK [0][-]{chapter*.6}{Liste des figures et illustrations}{}
\BOOKMARK [0][-]{chapter*.7}{Liste des tableaux}{}
\BOOKMARK [0][-]{chapter*.9}{INTRODUCTION}{}
\BOOKMARK [0][-]{chapter.1}{CONTEXTE ET PROBL\311MATIQUE}{}
\BOOKMARK [1][-]{section.1.1}{Pr\351sentation de la structure de stage}{chapter.1}
\BOOKMARK [1][-]{section.1.2}{Contexte}{chapter.1}
\BOOKMARK [1][-]{section.1.3}{Probl\351matique}{chapter.1}
\BOOKMARK [1][-]{section.1.4}{Objectifs}{chapter.1}
\BOOKMARK [1][-]{section.1.5}{M\351thodologie}{chapter.1}
\BOOKMARK [0][-]{chapter.2}{G\311N\311RALIT\311S SUR LA RECONNAISSANCE FACIALE}{}
\BOOKMARK [1][-]{section.2.1}{Introduction}{chapter.2}
\BOOKMARK [1][-]{section.2.2}{Les syst\350mes biom\351triques}{chapter.2}
\BOOKMARK [2][-]{subsection.2.2.1}{Caract\351ristique biom\351trique}{section.2.2}
\BOOKMARK [2][-]{subsection.2.2.2}{Modes de fonctionnement d'un syst\350me biom\351trique}{section.2.2}
\BOOKMARK [1][-]{section.2.3}{La reconnaissance faciale}{chapter.2}
\BOOKMARK [2][-]{subsection.2.3.1}{Quelques logiciels gratuits et produits commerciaux}{section.2.3}
\BOOKMARK [2][-]{subsection.2.3.2}{Pourquoi la reconnaissance de visage?}{section.2.3}
\BOOKMARK [2][-]{subsection.2.3.3}{D\351tection de visage}{section.2.3}
\BOOKMARK [2][-]{subsection.2.3.4}{Extraction de caract\351ristiques du visage}{section.2.3}
\BOOKMARK [2][-]{subsection.2.3.5}{Reconnaissance de visage}{section.2.3}
\BOOKMARK [1][-]{section.2.4}{Difficult\351s de la reconnaissance faciale}{chapter.2}
\BOOKMARK [2][-]{subsection.2.4.1}{Changement d'illumination }{section.2.4}
\BOOKMARK [2][-]{subsection.2.4.2}{Expressions faciales}{section.2.4}
\BOOKMARK [2][-]{subsection.2.4.3}{Variation de pose}{section.2.4}
\BOOKMARK [2][-]{subsection.2.4.4}{Pr\351sence ou absence des composants structurales}{section.2.4}
\BOOKMARK [2][-]{subsection.2.4.5}{Occultations partielles}{section.2.4}
\BOOKMARK [2][-]{subsection.2.4.6}{Vrais jumeaux}{section.2.4}
\BOOKMARK [1][-]{section.2.5}{Conclusion}{chapter.2}
\BOOKMARK [0][-]{chapter.3}{\311TAT DE L'ART DE LA RECONNAISSANCE FACIALE }{}
\BOOKMARK [1][-]{section.3.1}{Introduction}{chapter.3}
\BOOKMARK [1][-]{section.3.2}{Techniques de d\351tection de visage}{chapter.3}
\BOOKMARK [2][-]{subsection.3.2.1}{Algorithme de Viola et Jones}{section.3.2}
\BOOKMARK [2][-]{subsection.3.2.2}{Travaux am\351liorant l'algorithme de Viola et Jones}{section.3.2}
\BOOKMARK [1][-]{section.3.3}{M\351thodes de reconnaissance de visages}{chapter.3}
\BOOKMARK [2][-]{subsection.3.3.1}{M\351thodes globales ou holistiques}{section.3.3}
\BOOKMARK [2][-]{subsection.3.3.2}{M\351thodes locales}{section.3.3}
\BOOKMARK [2][-]{subsection.3.3.3}{M\351thodes hybrides}{section.3.3}
\BOOKMARK [1][-]{section.3.4}{Conclusion}{chapter.3}
\BOOKMARK [0][-]{chapter.4}{LA RECONNAISSANCE FACIALE PAR LES M\311THODES EIGENFACE ET LBP}{}
\BOOKMARK [1][-]{section.4.1}{Introduction}{chapter.4}
\BOOKMARK [1][-]{section.4.2}{Reconnaissance par eigenface}{chapter.4}
\BOOKMARK [2][-]{subsection.4.2.1}{pr\351sentation de la m\351thode eigenface}{section.4.2}
\BOOKMARK [2][-]{subsection.4.2.2}{Processus de reconnaissance par eigenface}{section.4.2}
\BOOKMARK [1][-]{section.4.3}{Reconnaissance par la m\351thode des Local Binary Patterns}{chapter.4}
\BOOKMARK [2][-]{subsection.4.3.1}{Pr\351sentation de la m\351thode LBP}{section.4.3}
\BOOKMARK [2][-]{subsection.4.3.2}{Processus de reconnaissance par LBP}{section.4.3}
\BOOKMARK [1][-]{section.4.4}{Conclusion}{chapter.4}
\BOOKMARK [0][-]{chapter.5}{R\311SULTATS ET COMMENTAIRES}{}
\BOOKMARK [1][-]{section.5.1}{Introduction}{chapter.5}
\BOOKMARK [1][-]{section.5.2}{Bases de donn\351es de test}{chapter.5}
\BOOKMARK [2][-]{subsection.5.2.1}{Base d'images ORL}{section.5.2}
\BOOKMARK [2][-]{subsection.5.2.2}{Base d'images YALE}{section.5.2}
\BOOKMARK [2][-]{subsection.5.2.3}{Construire sa propre base de donn\351es d'images}{section.5.2}
\BOOKMARK [2][-]{subsection.5.2.4}{S\351paration des bases de donn\351es}{section.5.2}
\BOOKMARK [1][-]{section.5.3}{Environnement de travail}{chapter.5}
\BOOKMARK [2][-]{subsection.5.3.1}{Outils de d\351veloppement}{section.5.3}
\BOOKMARK [1][-]{section.5.4}{Pr\351sentation de l'application}{chapter.5}
\BOOKMARK [2][-]{subsection.5.4.1}{Interface d'accueil}{section.5.4}
\BOOKMARK [2][-]{subsection.5.4.2}{Test de l'algorithme eigenface}{section.5.4}
\BOOKMARK [2][-]{subsection.5.4.3}{Identifier un visage \340 partir d'un flux vid\351o.}{section.5.4}
\BOOKMARK [2][-]{subsection.5.4.4}{Test de l'algorithme LBP}{section.5.4}
\BOOKMARK [2][-]{subsection.5.4.5}{Comparaison des performances}{section.5.4}
\BOOKMARK [1][-]{section.5.5}{Conclusion}{chapter.5}
\BOOKMARK [0][-]{chapter*.10}{CONCLUSION ET PERSPECTIVES}{}
\BOOKMARK [0][-]{chapter*.10}{Bibliographie}{}
